{"/home/travis/build/npmtest/node-npmtest-webpack-shell-plugin/test.js":{"path":"/home/travis/build/npmtest/node-npmtest-webpack-shell-plugin/test.js","s":{"1":2,"2":2,"3":2,"4":2,"5":2,"6":2,"7":2,"8":1,"9":2,"10":2,"11":1,"12":1,"13":1,"14":1,"15":2,"16":2,"17":2,"18":2,"19":1,"20":1,"21":2,"22":2,"23":2,"24":1,"25":1,"26":1,"27":1,"28":1,"29":1,"30":1,"31":1,"32":1,"33":1,"34":1,"35":1,"36":1,"37":1,"38":1,"39":2,"40":2,"41":1,"42":2,"43":2,"44":1,"45":2,"46":2,"47":1,"48":2,"49":2,"50":1,"51":1,"52":1,"53":1,"54":1},"b":{"1":[2,1,1,1],"2":[1,1,1,1],"3":[1,1],"4":[1,1],"5":[1,1],"6":[1,1],"7":[1,1],"8":[1,1],"9":[1,1],"10":[1,1,1],"11":[1,1],"12":[1,1],"13":[1,1],"14":[1,1],"15":[1,1],"16":[1,1],"17":[1,1]},"f":{"1":2,"2":2,"3":2,"4":2,"5":2,"6":1,"7":1,"8":1,"9":2,"10":2,"11":2,"12":2,"13":1},"fnMap":{"1":{"name":"(anonymous_1)","line":12,"loc":{"start":{"line":12,"column":1},"end":{"line":12,"column":13}}},"2":{"name":"(anonymous_2)","line":19,"loc":{"start":{"line":19,"column":5},"end":{"line":19,"column":17}}},"3":{"name":"(anonymous_3)","line":23,"loc":{"start":{"line":23,"column":24},"end":{"line":23,"column":36}}},"4":{"name":"(anonymous_4)","line":61,"loc":{"start":{"line":61,"column":5},"end":{"line":61,"column":17}}},"5":{"name":"(anonymous_5)","line":82,"loc":{"start":{"line":82,"column":5},"end":{"line":82,"column":17}}},"6":{"name":"(anonymous_6)","line":91,"loc":{"start":{"line":91,"column":77},"end":{"line":94,"column":10}}},"7":{"name":"(anonymous_7)","line":112,"loc":{"start":{"line":112,"column":83},"end":{"line":115,"column":10}},"skip":true},"8":{"name":"(anonymous_8)","line":123,"loc":{"start":{"line":123,"column":77},"end":{"line":126,"column":10}},"skip":true},"9":{"name":"(anonymous_9)","line":139,"loc":{"start":{"line":139,"column":12},"end":{"line":139,"column":40}},"skip":true},"10":{"name":"(anonymous_10)","line":147,"loc":{"start":{"line":147,"column":77},"end":{"line":150,"column":10}},"skip":true},"11":{"name":"(anonymous_11)","line":158,"loc":{"start":{"line":158,"column":83},"end":{"line":161,"column":10}},"skip":true},"12":{"name":"(anonymous_12)","line":169,"loc":{"start":{"line":169,"column":79},"end":{"line":172,"column":10}},"skip":true},"13":{"name":"(anonymous_13)","line":180,"loc":{"start":{"line":180,"column":75},"end":{"line":183,"column":10}},"skip":true}},"statementMap":{"1":{"start":{"line":12,"column":0},"end":{"line":195,"column":5}},"2":{"start":{"line":14,"column":4},"end":{"line":14,"column":14}},"3":{"start":{"line":19,"column":4},"end":{"line":56,"column":9}},"4":{"start":{"line":21,"column":8},"end":{"line":21,"column":19}},"5":{"start":{"line":23,"column":8},"end":{"line":35,"column":13}},"6":{"start":{"line":24,"column":12},"end":{"line":34,"column":13}},"7":{"start":{"line":25,"column":16},"end":{"line":28,"column":30}},"8":{"start":{"line":30,"column":16},"end":{"line":33,"column":27}},"9":{"start":{"line":37,"column":8},"end":{"line":39,"column":21}},"10":{"start":{"line":40,"column":8},"end":{"line":53,"column":9}},"11":{"start":{"line":43,"column":12},"end":{"line":46,"column":14}},"12":{"start":{"line":47,"column":12},"end":{"line":47,"column":18}},"13":{"start":{"line":50,"column":12},"end":{"line":51,"column":46}},"14":{"start":{"line":52,"column":12},"end":{"line":52,"column":18}},"15":{"start":{"line":55,"column":8},"end":{"line":55,"column":35}},"16":{"start":{"line":61,"column":4},"end":{"line":63,"column":9}},"17":{"start":{"line":62,"column":8},"end":{"line":62,"column":15}},"18":{"start":{"line":64,"column":4},"end":{"line":77,"column":5}},"19":{"start":{"line":70,"column":8},"end":{"line":70,"column":14}},"20":{"start":{"line":76,"column":8},"end":{"line":76,"column":14}},"21":{"start":{"line":82,"column":4},"end":{"line":84,"column":9}},"22":{"start":{"line":83,"column":8},"end":{"line":83,"column":15}},"23":{"start":{"line":85,"column":4},"end":{"line":194,"column":5}},"24":{"start":{"line":91,"column":8},"end":{"line":99,"column":10}},"25":{"start":{"line":98,"column":12},"end":{"line":98,"column":35}},"26":{"start":{"line":102,"column":8},"end":{"line":104,"column":63}},"27":{"start":{"line":105,"column":8},"end":{"line":105,"column":14}},"28":{"start":{"line":112,"column":8},"end":{"line":121,"column":10},"skip":true},"29":{"start":{"line":119,"column":12},"end":{"line":119,"column":55},"skip":true},"30":{"start":{"line":120,"column":12},"end":{"line":120,"column":48},"skip":true},"31":{"start":{"line":123,"column":8},"end":{"line":136,"column":10},"skip":true},"32":{"start":{"line":130,"column":12},"end":{"line":130,"column":76},"skip":true},"33":{"start":{"line":131,"column":12},"end":{"line":131,"column":73},"skip":true},"34":{"start":{"line":132,"column":12},"end":{"line":132,"column":74},"skip":true},"35":{"start":{"line":133,"column":12},"end":{"line":133,"column":79},"skip":true},"36":{"start":{"line":134,"column":12},"end":{"line":134,"column":25},"skip":true},"37":{"start":{"line":135,"column":12},"end":{"line":135,"column":45},"skip":true},"38":{"start":{"line":138,"column":8},"end":{"line":145,"column":14},"skip":true},"39":{"start":{"line":143,"column":16},"end":{"line":143,"column":29},"skip":true},"40":{"start":{"line":144,"column":16},"end":{"line":144,"column":55},"skip":true},"41":{"start":{"line":147,"column":8},"end":{"line":156,"column":10},"skip":true},"42":{"start":{"line":154,"column":12},"end":{"line":154,"column":25},"skip":true},"43":{"start":{"line":155,"column":12},"end":{"line":155,"column":45},"skip":true},"44":{"start":{"line":158,"column":8},"end":{"line":167,"column":10},"skip":true},"45":{"start":{"line":165,"column":12},"end":{"line":165,"column":25},"skip":true},"46":{"start":{"line":166,"column":12},"end":{"line":166,"column":48},"skip":true},"47":{"start":{"line":169,"column":8},"end":{"line":178,"column":10},"skip":true},"48":{"start":{"line":176,"column":12},"end":{"line":176,"column":25},"skip":true},"49":{"start":{"line":177,"column":12},"end":{"line":177,"column":46},"skip":true},"50":{"start":{"line":180,"column":8},"end":{"line":189,"column":10},"skip":true},"51":{"start":{"line":187,"column":12},"end":{"line":187,"column":94},"skip":true},"52":{"start":{"line":188,"column":12},"end":{"line":188,"column":48},"skip":true},"53":{"start":{"line":192,"column":8},"end":{"line":192,"column":35},"skip":true},"54":{"start":{"line":193,"column":8},"end":{"line":193,"column":14},"skip":true}},"branchMap":{"1":{"line":25,"type":"binary-expr","locations":[{"start":{"line":25,"column":23},"end":{"line":25,"column":62}},{"start":{"line":26,"column":20},"end":{"line":26,"column":70}},{"start":{"line":27,"column":20},"end":{"line":27,"column":71}},{"start":{"line":28,"column":20},"end":{"line":28,"column":29}}]},"2":{"line":30,"type":"binary-expr","locations":[{"start":{"line":30,"column":23},"end":{"line":30,"column":37}},{"start":{"line":31,"column":20},"end":{"line":31,"column":61}},{"start":{"line":32,"column":20},"end":{"line":32,"column":70}},{"start":{"line":33,"column":20},"end":{"line":33,"column":26}}]},"3":{"line":37,"type":"cond-expr","locations":[{"start":{"line":38,"column":14},"end":{"line":38,"column":20}},{"start":{"line":39,"column":14},"end":{"line":39,"column":20}}]},"4":{"line":40,"type":"switch","locations":[{"start":{"line":42,"column":8},"end":{"line":47,"column":18}},{"start":{"line":49,"column":8},"end":{"line":52,"column":18}}]},"5":{"line":44,"type":"binary-expr","locations":[{"start":{"line":44,"column":16},"end":{"line":44,"column":44}},{"start":{"line":44,"column":48},"end":{"line":44,"column":66}}]},"6":{"line":50,"type":"binary-expr","locations":[{"start":{"line":50,"column":21},"end":{"line":50,"column":49}},{"start":{"line":50,"column":53},"end":{"line":50,"column":72}}]},"7":{"line":64,"type":"switch","locations":[{"start":{"line":69,"column":4},"end":{"line":70,"column":14}},{"start":{"line":75,"column":4},"end":{"line":76,"column":14}}]},"8":{"line":85,"type":"switch","locations":[{"start":{"line":90,"column":4},"end":{"line":105,"column":14}},{"start":{"line":111,"column":4},"end":{"line":193,"column":14},"skip":true}]},"9":{"line":91,"type":"binary-expr","locations":[{"start":{"line":91,"column":42},"end":{"line":91,"column":73}},{"start":{"line":91,"column":77},"end":{"line":99,"column":9}}]},"10":{"line":102,"type":"binary-expr","locations":[{"start":{"line":102,"column":18},"end":{"line":102,"column":32}},{"start":{"line":103,"column":12},"end":{"line":103,"column":53}},{"start":{"line":104,"column":12},"end":{"line":104,"column":61}}]},"11":{"line":112,"type":"binary-expr","locations":[{"start":{"line":112,"column":45},"end":{"line":112,"column":79},"skip":true},{"start":{"line":112,"column":83},"end":{"line":121,"column":9},"skip":true}]},"12":{"line":123,"type":"binary-expr","locations":[{"start":{"line":123,"column":42},"end":{"line":123,"column":73},"skip":true},{"start":{"line":123,"column":77},"end":{"line":136,"column":9},"skip":true}]},"13":{"line":138,"type":"binary-expr","locations":[{"start":{"line":138,"column":48},"end":{"line":138,"column":85},"skip":true},{"start":{"line":139,"column":12},"end":{"line":145,"column":13},"skip":true}]},"14":{"line":147,"type":"binary-expr","locations":[{"start":{"line":147,"column":42},"end":{"line":147,"column":73},"skip":true},{"start":{"line":147,"column":77},"end":{"line":156,"column":9},"skip":true}]},"15":{"line":158,"type":"binary-expr","locations":[{"start":{"line":158,"column":45},"end":{"line":158,"column":79},"skip":true},{"start":{"line":158,"column":83},"end":{"line":167,"column":9},"skip":true}]},"16":{"line":169,"type":"binary-expr","locations":[{"start":{"line":169,"column":43},"end":{"line":169,"column":75},"skip":true},{"start":{"line":169,"column":79},"end":{"line":178,"column":9},"skip":true}]},"17":{"line":180,"type":"binary-expr","locations":[{"start":{"line":180,"column":41},"end":{"line":180,"column":71},"skip":true},{"start":{"line":180,"column":75},"end":{"line":189,"column":9},"skip":true}]}},"code":["/* istanbul instrument in package npmtest_webpack_shell_plugin */","/*jslint","    bitwise: true,","    browser: true,","    maxerr: 8,","    maxlen: 96,","    node: true,","    nomen: true,","    regexp: true,","    stupid: true","*/","(function () {","    'use strict';","    var local;","","","","    // run shared js-env code - pre-init","    (function () {","        // init local","        local = {};","        // init modeJs","        local.modeJs = (function () {","            try {","                return typeof navigator.userAgent === 'string' &&","                    typeof document.querySelector('body') === 'object' &&","                    typeof XMLHttpRequest.prototype.open === 'function' &&","                    'browser';","            } catch (errorCaughtBrowser) {","                return module.exports &&","                    typeof process.versions.node === 'string' &&","                    typeof require('http').createServer === 'function' &&","                    'node';","            }","        }());","        // init global","        local.global = local.modeJs === 'browser'","            ? window","            : global;","        switch (local.modeJs) {","        // re-init local from window.local","        case 'browser':","            local = local.global.utility2.objectSetDefault(","                local.global.utility2_rollup || local.global.local,","                local.global.utility2","            );","            break;","        // re-init local from example.js","        case 'node':","            local = (local.global.utility2_rollup || require('utility2'))","                .requireExampleJsFromReadme();","            break;","        }","        // export local","        local.global.local = local;","    }());","","","","    // run shared js-env code - function","    (function () {","        return;","    }());","    switch (local.modeJs) {","","","","    // run browser js-env code - function","    case 'browser':","        break;","","","","    // run node js-env code - function","    case 'node':","        break;","    }","","","","    // run shared js-env code - post-init","    (function () {","        return;","    }());","    switch (local.modeJs) {","","","","    // run browser js-env code - post-init","    case 'browser':","        local.testCase_browser_nullCase = local.testCase_browser_nullCase || function (","            options,","            onError","        ) {","        /*","         * this function will test browsers's null-case handling-behavior-behavior","         */","            onError(null, options);","        };","","        // run tests","        local.nop(local.modeTest &&","            document.querySelector('#testRunButton1') &&","            document.querySelector('#testRunButton1').click());","        break;","","","","    // run node js-env code - post-init","    /* istanbul ignore next */","    case 'node':","        local.testCase_buildApidoc_default = local.testCase_buildApidoc_default || function (","            options,","            onError","        ) {","        /*","         * this function will test buildApidoc's default handling-behavior-behavior","         */","            options = { modulePathList: module.paths };","            local.buildApidoc(options, onError);","        };","","        local.testCase_buildApp_default = local.testCase_buildApp_default || function (","            options,","            onError","        ) {","        /*","         * this function will test buildApp's default handling-behavior-behavior","         */","            local.testCase_buildReadme_default(options, local.onErrorThrow);","            local.testCase_buildLib_default(options, local.onErrorThrow);","            local.testCase_buildTest_default(options, local.onErrorThrow);","            local.testCase_buildCustomOrg_default(options, local.onErrorThrow);","            options = [];","            local.buildApp(options, onError);","        };","","        local.testCase_buildCustomOrg_default = local.testCase_buildCustomOrg_default ||","            function (options, onError) {","            /*","             * this function will test buildCustomOrg's default handling-behavior","             */","                options = {};","                local.buildCustomOrg(options, onError);","            };","","        local.testCase_buildLib_default = local.testCase_buildLib_default || function (","            options,","            onError","        ) {","        /*","         * this function will test buildLib's default handling-behavior","         */","            options = {};","            local.buildLib(options, onError);","        };","","        local.testCase_buildReadme_default = local.testCase_buildReadme_default || function (","            options,","            onError","        ) {","        /*","         * this function will test buildReadme's default handling-behavior-behavior","         */","            options = {};","            local.buildReadme(options, onError);","        };","","        local.testCase_buildTest_default = local.testCase_buildTest_default || function (","            options,","            onError","        ) {","        /*","         * this function will test buildTest's default handling-behavior","         */","            options = {};","            local.buildTest(options, onError);","        };","","        local.testCase_webpage_default = local.testCase_webpage_default || function (","            options,","            onError","        ) {","        /*","         * this function will test webpage's default handling-behavior","         */","            options = { modeCoverageMerge: true, url: local.serverLocalHost + '?modeTest=1' };","            local.browserTest(options, onError);","        };","","        // run test-server","        local.testRunServer(local);","        break;","    }","}());",""],"l":{"12":2,"14":2,"19":2,"21":2,"23":2,"24":2,"25":2,"30":1,"37":2,"40":2,"43":1,"47":1,"50":1,"52":1,"55":2,"61":2,"62":2,"64":2,"70":1,"76":1,"82":2,"83":2,"85":2,"91":1,"98":1,"102":1,"105":1,"112":1,"119":1,"120":1,"123":1,"130":1,"131":1,"132":1,"133":1,"134":1,"135":1,"138":1,"143":2,"144":2,"147":1,"154":2,"155":2,"158":1,"165":2,"166":2,"169":1,"176":2,"177":2,"180":1,"187":1,"188":1,"192":1,"193":1}},"/home/travis/build/npmtest/node-npmtest-webpack-shell-plugin/lib.npmtest_webpack_shell_plugin.js":{"path":"/home/travis/build/npmtest/node-npmtest-webpack-shell-plugin/lib.npmtest_webpack_shell_plugin.js","s":{"1":2,"2":2,"3":2,"4":2,"5":2,"6":2,"7":2,"8":1,"9":2,"10":2,"11":2,"12":2,"13":1,"14":1,"15":1,"16":1},"b":{"1":[2,1,1,1],"2":[1,1,1,1],"3":[1,1],"4":[2,2],"5":[1,1]},"f":{"1":2,"2":2,"3":2},"fnMap":{"1":{"name":"(anonymous_1)","line":12,"loc":{"start":{"line":12,"column":1},"end":{"line":12,"column":13}}},"2":{"name":"(anonymous_2)","line":19,"loc":{"start":{"line":19,"column":5},"end":{"line":19,"column":17}}},"3":{"name":"(anonymous_3)","line":23,"loc":{"start":{"line":23,"column":24},"end":{"line":23,"column":36}}}},"statementMap":{"1":{"start":{"line":12,"column":0},"end":{"line":53,"column":5}},"2":{"start":{"line":14,"column":4},"end":{"line":14,"column":14}},"3":{"start":{"line":19,"column":4},"end":{"line":52,"column":9}},"4":{"start":{"line":21,"column":8},"end":{"line":21,"column":19}},"5":{"start":{"line":23,"column":8},"end":{"line":35,"column":13}},"6":{"start":{"line":24,"column":12},"end":{"line":34,"column":13}},"7":{"start":{"line":25,"column":16},"end":{"line":28,"column":30}},"8":{"start":{"line":30,"column":16},"end":{"line":33,"column":27}},"9":{"start":{"line":37,"column":8},"end":{"line":39,"column":21}},"10":{"start":{"line":41,"column":8},"end":{"line":41,"column":54}},"11":{"start":{"line":43,"column":8},"end":{"line":43,"column":65}},"12":{"start":{"line":45,"column":8},"end":{"line":51,"column":9}},"13":{"start":{"line":46,"column":12},"end":{"line":46,"column":71}},"14":{"start":{"line":48,"column":12},"end":{"line":48,"column":35}},"15":{"start":{"line":49,"column":12},"end":{"line":49,"column":49}},"16":{"start":{"line":50,"column":12},"end":{"line":50,"column":43}}},"branchMap":{"1":{"line":25,"type":"binary-expr","locations":[{"start":{"line":25,"column":23},"end":{"line":25,"column":62}},{"start":{"line":26,"column":20},"end":{"line":26,"column":70}},{"start":{"line":27,"column":20},"end":{"line":27,"column":71}},{"start":{"line":28,"column":20},"end":{"line":28,"column":29}}]},"2":{"line":30,"type":"binary-expr","locations":[{"start":{"line":30,"column":23},"end":{"line":30,"column":37}},{"start":{"line":31,"column":20},"end":{"line":31,"column":61}},{"start":{"line":32,"column":20},"end":{"line":32,"column":70}},{"start":{"line":33,"column":20},"end":{"line":33,"column":26}}]},"3":{"line":37,"type":"cond-expr","locations":[{"start":{"line":38,"column":14},"end":{"line":38,"column":20}},{"start":{"line":39,"column":14},"end":{"line":39,"column":20}}]},"4":{"line":41,"type":"binary-expr","locations":[{"start":{"line":41,"column":16},"end":{"line":41,"column":44}},{"start":{"line":41,"column":48},"end":{"line":41,"column":53}}]},"5":{"line":45,"type":"if","locations":[{"start":{"line":45,"column":8},"end":{"line":45,"column":8}},{"start":{"line":45,"column":8},"end":{"line":45,"column":8}}]}},"code":["/* istanbul instrument in package npmtest_webpack_shell_plugin */","/*jslint","    bitwise: true,","    browser: true,","    maxerr: 8,","    maxlen: 96,","    node: true,","    nomen: true,","    regexp: true,","    stupid: true","*/","(function () {","    'use strict';","    var local;","","","","    // run shared js-env code - pre-init","    (function () {","        // init local","        local = {};","        // init modeJs","        local.modeJs = (function () {","            try {","                return typeof navigator.userAgent === 'string' &&","                    typeof document.querySelector('body') === 'object' &&","                    typeof XMLHttpRequest.prototype.open === 'function' &&","                    'browser';","            } catch (errorCaughtBrowser) {","                return module.exports &&","                    typeof process.versions.node === 'string' &&","                    typeof require('http').createServer === 'function' &&","                    'node';","            }","        }());","        // init global","        local.global = local.modeJs === 'browser'","            ? window","            : global;","        // init utility2_rollup","        local = local.global.utility2_rollup || local;","        // init lib","        local.local = local.npmtest_webpack_shell_plugin = local;","        // init exports","        if (local.modeJs === 'browser') {","            local.global.utility2_npmtest_webpack_shell_plugin = local;","        } else {","            module.exports = local;","            module.exports.__dirname = __dirname;","            module.exports.module = module;","        }","    }());","}());",""],"l":{"12":2,"14":2,"19":2,"21":2,"23":2,"24":2,"25":2,"30":1,"37":2,"41":2,"43":2,"45":2,"46":1,"48":1,"49":1,"50":1}},"/home/travis/build/npmtest/node-npmtest-webpack-shell-plugin/example.js":{"path":"/home/travis/build/npmtest/node-npmtest-webpack-shell-plugin/example.js","s":{"1":2,"2":2,"3":2,"4":2,"5":2,"6":2,"7":2,"8":1,"9":2,"10":2,"11":2,"12":2,"13":1,"14":2,"15":2,"16":2,"17":2,"18":2,"19":0,"20":2,"21":1,"22":1,"23":1,"24":1,"25":1,"26":0,"27":0,"28":1,"29":1,"30":2,"31":0,"32":0,"33":0,"34":1,"35":2,"36":2,"37":3,"38":3,"39":3,"40":3,"41":0,"42":3,"43":3,"44":3,"45":1,"46":3,"47":1,"48":1,"49":1,"50":1,"51":1,"52":1,"53":1,"54":1,"55":1,"56":1,"57":0,"58":1,"59":6,"60":6,"61":1,"62":2,"63":0,"64":2,"65":1,"66":1,"67":0,"68":0,"69":0,"70":0,"71":0,"72":0,"73":0,"74":0,"75":0,"76":0,"77":0,"78":0,"79":0,"80":0,"81":0,"82":0,"83":0},"b":{"1":[2,1,1,1],"2":[1,1,1,1],"3":[1,1],"4":[2,2],"5":[1,1],"6":[1,1],"7":[2,0],"8":[2,1,1,1,1,1],"9":[0,2,0],"10":[1,1],"11":[2,1,1],"12":[1,0],"13":[0,2],"14":[2,0,0,0,0,0,0],"15":[0,3],"16":[3,0],"17":[1,1],"18":[0,1],"19":[1,2,0,2],"20":[1,0],"21":[1,1],"22":[0,0],"23":[0,0],"24":[0,0],"25":[0,0],"26":[0,0],"27":[0,0],"28":[0,0]},"f":{"1":2,"2":2,"3":2,"4":2,"5":2,"6":2,"7":3,"8":3,"9":3,"10":1,"11":6,"12":0},"fnMap":{"1":{"name":"(anonymous_1)","line":26,"loc":{"start":{"line":26,"column":1},"end":{"line":26,"column":13}}},"2":{"name":"(anonymous_2)","line":33,"loc":{"start":{"line":33,"column":5},"end":{"line":33,"column":17}}},"3":{"name":"(anonymous_3)","line":37,"loc":{"start":{"line":37,"column":24},"end":{"line":37,"column":36}}},"4":{"name":"(anonymous_4)","line":69,"loc":{"start":{"line":69,"column":31},"end":{"line":69,"column":48}},"skip":true},"5":{"name":"(anonymous_5)","line":78,"loc":{"start":{"line":78,"column":26},"end":{"line":78,"column":45}},"skip":true},"6":{"name":"(anonymous_6)","line":123,"loc":{"start":{"line":123,"column":33},"end":{"line":123,"column":48}},"skip":true},"7":{"name":"(anonymous_7)","line":125,"loc":{"start":{"line":125,"column":27},"end":{"line":125,"column":39}},"skip":true},"8":{"name":"(anonymous_8)","line":133,"loc":{"start":{"line":133,"column":59},"end":{"line":133,"column":74}},"skip":true},"9":{"name":"(anonymous_9)","line":143,"loc":{"start":{"line":143,"column":45},"end":{"line":143,"column":62}},"skip":true},"10":{"name":"(anonymous_10)","line":144,"loc":{"start":{"line":144,"column":73},"end":{"line":144,"column":92}},"skip":true},"11":{"name":"(anonymous_11)","line":272,"loc":{"start":{"line":272,"column":51},"end":{"line":272,"column":77}},"skip":true},"12":{"name":"(anonymous_12)","line":315,"loc":{"start":{"line":315,"column":32},"end":{"line":315,"column":61}},"skip":true}},"statementMap":{"1":{"start":{"line":26,"column":0},"end":{"line":326,"column":5}},"2":{"start":{"line":28,"column":4},"end":{"line":28,"column":14}},"3":{"start":{"line":33,"column":4},"end":{"line":60,"column":9}},"4":{"start":{"line":35,"column":8},"end":{"line":35,"column":19}},"5":{"start":{"line":37,"column":8},"end":{"line":49,"column":13}},"6":{"start":{"line":38,"column":12},"end":{"line":48,"column":13}},"7":{"start":{"line":39,"column":16},"end":{"line":42,"column":30}},"8":{"start":{"line":44,"column":16},"end":{"line":47,"column":27}},"9":{"start":{"line":51,"column":8},"end":{"line":53,"column":21}},"10":{"start":{"line":55,"column":8},"end":{"line":57,"column":45}},"11":{"start":{"line":59,"column":8},"end":{"line":59,"column":35}},"12":{"start":{"line":61,"column":4},"end":{"line":325,"column":5}},"13":{"start":{"line":69,"column":8},"end":{"line":121,"column":10},"skip":true},"14":{"start":{"line":70,"column":12},"end":{"line":88,"column":13},"skip":true},"15":{"start":{"line":76,"column":16},"end":{"line":87,"column":19},"skip":true},"16":{"start":{"line":79,"column":20},"end":{"line":86,"column":21},"skip":true},"17":{"start":{"line":82,"column":24},"end":{"line":82,"column":43},"skip":true},"18":{"start":{"line":83,"column":24},"end":{"line":83,"column":30},"skip":true},"19":{"start":{"line":85,"column":24},"end":{"line":85,"column":49},"skip":true},"20":{"start":{"line":89,"column":12},"end":{"line":107,"column":13},"skip":true},"21":{"start":{"line":92,"column":16},"end":{"line":102,"column":17},"skip":true},"22":{"start":{"line":93,"column":20},"end":{"line":93,"column":86},"skip":true},"23":{"start":{"line":94,"column":20},"end":{"line":95,"column":45},"skip":true},"24":{"start":{"line":96,"column":20},"end":{"line":96,"column":42},"skip":true},"25":{"start":{"line":97,"column":20},"end":{"line":97,"column":48},"skip":true},"26":{"start":{"line":100,"column":20},"end":{"line":100,"column":85},"skip":true},"27":{"start":{"line":101,"column":20},"end":{"line":101,"column":96},"skip":true},"28":{"start":{"line":103,"column":16},"end":{"line":103,"column":22},"skip":true},"29":{"start":{"line":106,"column":16},"end":{"line":106,"column":22},"skip":true},"30":{"start":{"line":108,"column":12},"end":{"line":120,"column":13},"skip":true},"31":{"start":{"line":114,"column":16},"end":{"line":119,"column":17},"skip":true},"32":{"start":{"line":116,"column":20},"end":{"line":116,"column":78},"skip":true},"33":{"start":{"line":118,"column":20},"end":{"line":118,"column":47},"skip":true},"34":{"start":{"line":123,"column":8},"end":{"line":141,"column":11},"skip":true},"35":{"start":{"line":124,"column":12},"end":{"line":124,"column":54},"skip":true},"36":{"start":{"line":125,"column":12},"end":{"line":140,"column":14},"skip":true},"37":{"start":{"line":126,"column":16},"end":{"line":126,"column":28},"skip":true},"38":{"start":{"line":127,"column":16},"end":{"line":127,"column":69},"skip":true},"39":{"start":{"line":128,"column":16},"end":{"line":128,"column":75},"skip":true},"40":{"start":{"line":129,"column":16},"end":{"line":131,"column":17},"skip":true},"41":{"start":{"line":130,"column":20},"end":{"line":130,"column":27},"skip":true},"42":{"start":{"line":133,"column":16},"end":{"line":137,"column":36},"skip":true},"43":{"start":{"line":134,"column":20},"end":{"line":136,"column":55},"skip":true},"44":{"start":{"line":139,"column":16},"end":{"line":139,"column":57},"skip":true},"45":{"start":{"line":143,"column":8},"end":{"line":147,"column":11},"skip":true},"46":{"start":{"line":144,"column":12},"end":{"line":146,"column":15},"skip":true},"47":{"start":{"line":145,"column":16},"end":{"line":145,"column":70},"skip":true},"48":{"start":{"line":149,"column":8},"end":{"line":149,"column":31},"skip":true},"49":{"start":{"line":150,"column":8},"end":{"line":150,"column":14},"skip":true},"50":{"start":{"line":158,"column":8},"end":{"line":158,"column":31},"skip":true},"51":{"start":{"line":160,"column":8},"end":{"line":160,"column":33},"skip":true},"52":{"start":{"line":161,"column":8},"end":{"line":161,"column":37},"skip":true},"53":{"start":{"line":162,"column":8},"end":{"line":162,"column":35},"skip":true},"54":{"start":{"line":164,"column":8},"end":{"line":164,"column":50},"skip":true},"55":{"start":{"line":166,"column":8},"end":{"line":256,"column":2},"skip":true},"56":{"start":{"line":258,"column":8},"end":{"line":286,"column":9},"skip":true},"57":{"start":{"line":259,"column":12},"end":{"line":269,"column":14},"skip":true},"58":{"start":{"line":271,"column":12},"end":{"line":285,"column":19},"skip":true},"59":{"start":{"line":274,"column":20},"end":{"line":274,"column":35},"skip":true},"60":{"start":{"line":275,"column":20},"end":{"line":284,"column":21},"skip":true},"61":{"start":{"line":277,"column":24},"end":{"line":277,"column":64},"skip":true},"62":{"start":{"line":279,"column":24},"end":{"line":279,"column":40},"skip":true},"63":{"start":{"line":281,"column":24},"end":{"line":281,"column":40},"skip":true},"64":{"start":{"line":283,"column":24},"end":{"line":283,"column":39},"skip":true},"65":{"start":{"line":288,"column":8},"end":{"line":290,"column":9},"skip":true},"66":{"start":{"line":289,"column":12},"end":{"line":289,"column":18},"skip":true},"67":{"start":{"line":291,"column":8},"end":{"line":293,"column":54},"skip":true},"68":{"start":{"line":296,"column":8},"end":{"line":301,"column":37},"skip":true},"69":{"start":{"line":303,"column":8},"end":{"line":303,"column":82},"skip":true},"70":{"start":{"line":306,"column":8},"end":{"line":308,"column":9},"skip":true},"71":{"start":{"line":307,"column":12},"end":{"line":307,"column":82},"skip":true},"72":{"start":{"line":310,"column":8},"end":{"line":312,"column":9},"skip":true},"73":{"start":{"line":311,"column":12},"end":{"line":311,"column":18},"skip":true},"74":{"start":{"line":313,"column":8},"end":{"line":313,"column":54},"skip":true},"75":{"start":{"line":314,"column":8},"end":{"line":314,"column":69},"skip":true},"76":{"start":{"line":315,"column":8},"end":{"line":323,"column":36},"skip":true},"77":{"start":{"line":316,"column":12},"end":{"line":316,"column":61},"skip":true},"78":{"start":{"line":317,"column":12},"end":{"line":320,"column":13},"skip":true},"79":{"start":{"line":318,"column":16},"end":{"line":318,"column":75},"skip":true},"80":{"start":{"line":319,"column":16},"end":{"line":319,"column":23},"skip":true},"81":{"start":{"line":321,"column":12},"end":{"line":321,"column":38},"skip":true},"82":{"start":{"line":322,"column":12},"end":{"line":322,"column":27},"skip":true},"83":{"start":{"line":324,"column":8},"end":{"line":324,"column":14},"skip":true}},"branchMap":{"1":{"line":39,"type":"binary-expr","locations":[{"start":{"line":39,"column":23},"end":{"line":39,"column":62}},{"start":{"line":40,"column":20},"end":{"line":40,"column":70}},{"start":{"line":41,"column":20},"end":{"line":41,"column":71}},{"start":{"line":42,"column":20},"end":{"line":42,"column":29}}]},"2":{"line":44,"type":"binary-expr","locations":[{"start":{"line":44,"column":23},"end":{"line":44,"column":37}},{"start":{"line":45,"column":20},"end":{"line":45,"column":61}},{"start":{"line":46,"column":20},"end":{"line":46,"column":70}},{"start":{"line":47,"column":20},"end":{"line":47,"column":26}}]},"3":{"line":51,"type":"cond-expr","locations":[{"start":{"line":52,"column":14},"end":{"line":52,"column":20}},{"start":{"line":53,"column":14},"end":{"line":53,"column":20}}]},"4":{"line":55,"type":"binary-expr","locations":[{"start":{"line":55,"column":16},"end":{"line":55,"column":44}},{"start":{"line":55,"column":49},"end":{"line":57,"column":43}}]},"5":{"line":55,"type":"cond-expr","locations":[{"start":{"line":56,"column":14},"end":{"line":56,"column":64}},{"start":{"line":57,"column":14},"end":{"line":57,"column":43}}]},"6":{"line":61,"type":"switch","locations":[{"start":{"line":68,"column":4},"end":{"line":150,"column":14},"skip":true},{"start":{"line":156,"column":4},"end":{"line":324,"column":14},"skip":true}]},"7":{"line":70,"type":"if","locations":[{"start":{"line":70,"column":12},"end":{"line":70,"column":12},"skip":true},{"start":{"line":70,"column":12},"end":{"line":70,"column":12},"skip":true}]},"8":{"line":70,"type":"binary-expr","locations":[{"start":{"line":70,"column":16},"end":{"line":70,"column":22},"skip":true},{"start":{"line":70,"column":27},"end":{"line":70,"column":32},"skip":true},{"start":{"line":71,"column":20},"end":{"line":71,"column":39},"skip":true},{"start":{"line":72,"column":20},"end":{"line":72,"column":49},"skip":true},{"start":{"line":73,"column":20},"end":{"line":73,"column":58},"skip":true},{"start":{"line":74,"column":20},"end":{"line":74,"column":69},"skip":true}]},"9":{"line":79,"type":"switch","locations":[{"start":{"line":80,"column":20},"end":{"line":80,"column":33},"skip":true},{"start":{"line":81,"column":20},"end":{"line":83,"column":30},"skip":true},{"start":{"line":84,"column":20},"end":{"line":85,"column":49},"skip":true}]},"10":{"line":89,"type":"switch","locations":[{"start":{"line":90,"column":12},"end":{"line":103,"column":22},"skip":true},{"start":{"line":105,"column":12},"end":{"line":106,"column":22},"skip":true}]},"11":{"line":89,"type":"binary-expr","locations":[{"start":{"line":89,"column":20},"end":{"line":89,"column":25},"skip":true},{"start":{"line":89,"column":29},"end":{"line":89,"column":48},"skip":true},{"start":{"line":89,"column":52},"end":{"line":89,"column":74},"skip":true}]},"12":{"line":92,"type":"if","locations":[{"start":{"line":92,"column":16},"end":{"line":92,"column":16},"skip":true},{"start":{"line":92,"column":16},"end":{"line":92,"column":16},"skip":true}]},"13":{"line":108,"type":"if","locations":[{"start":{"line":108,"column":12},"end":{"line":108,"column":12},"skip":true},{"start":{"line":108,"column":12},"end":{"line":108,"column":12},"skip":true}]},"14":{"line":108,"type":"binary-expr","locations":[{"start":{"line":108,"column":16},"end":{"line":108,"column":61},"skip":true},{"start":{"line":108,"column":66},"end":{"line":108,"column":72},"skip":true},{"start":{"line":108,"column":77},"end":{"line":108,"column":82},"skip":true},{"start":{"line":109,"column":20},"end":{"line":109,"column":39},"skip":true},{"start":{"line":110,"column":20},"end":{"line":110,"column":49},"skip":true},{"start":{"line":111,"column":20},"end":{"line":111,"column":58},"skip":true},{"start":{"line":112,"column":20},"end":{"line":112,"column":68},"skip":true}]},"15":{"line":129,"type":"if","locations":[{"start":{"line":129,"column":16},"end":{"line":129,"column":16},"skip":true},{"start":{"line":129,"column":16},"end":{"line":129,"column":16},"skip":true}]},"16":{"line":134,"type":"cond-expr","locations":[{"start":{"line":135,"column":26},"end":{"line":135,"column":29},"skip":true},{"start":{"line":136,"column":26},"end":{"line":136,"column":54},"skip":true}]},"17":{"line":164,"type":"binary-expr","locations":[{"start":{"line":164,"column":27},"end":{"line":164,"column":43},"skip":true},{"start":{"line":164,"column":47},"end":{"line":164,"column":49},"skip":true}]},"18":{"line":258,"type":"if","locations":[{"start":{"line":258,"column":8},"end":{"line":258,"column":8},"skip":true},{"start":{"line":258,"column":8},"end":{"line":258,"column":8},"skip":true}]},"19":{"line":275,"type":"switch","locations":[{"start":{"line":276,"column":20},"end":{"line":277,"column":64},"skip":true},{"start":{"line":278,"column":20},"end":{"line":279,"column":40},"skip":true},{"start":{"line":280,"column":20},"end":{"line":281,"column":40},"skip":true},{"start":{"line":282,"column":20},"end":{"line":283,"column":39},"skip":true}]},"20":{"line":288,"type":"if","locations":[{"start":{"line":288,"column":8},"end":{"line":288,"column":8},"skip":true},{"start":{"line":288,"column":8},"end":{"line":288,"column":8},"skip":true}]},"21":{"line":288,"type":"binary-expr","locations":[{"start":{"line":288,"column":12},"end":{"line":288,"column":40},"skip":true},{"start":{"line":288,"column":44},"end":{"line":288,"column":67},"skip":true}]},"22":{"line":292,"type":"binary-expr","locations":[{"start":{"line":292,"column":12},"end":{"line":292,"column":50},"skip":true},{"start":{"line":293,"column":12},"end":{"line":293,"column":53},"skip":true}]},"23":{"line":297,"type":"binary-expr","locations":[{"start":{"line":297,"column":12},"end":{"line":297,"column":78},"skip":true},{"start":{"line":298,"column":12},"end":{"line":301,"column":36},"skip":true}]},"24":{"line":303,"type":"binary-expr","locations":[{"start":{"line":303,"column":43},"end":{"line":303,"column":75},"skip":true},{"start":{"line":303,"column":79},"end":{"line":303,"column":81},"skip":true}]},"25":{"line":306,"type":"if","locations":[{"start":{"line":306,"column":8},"end":{"line":306,"column":8},"skip":true},{"start":{"line":306,"column":8},"end":{"line":306,"column":8},"skip":true}]},"26":{"line":310,"type":"if","locations":[{"start":{"line":310,"column":8},"end":{"line":310,"column":8},"skip":true},{"start":{"line":310,"column":8},"end":{"line":310,"column":8},"skip":true}]},"27":{"line":313,"type":"binary-expr","locations":[{"start":{"line":313,"column":27},"end":{"line":313,"column":43},"skip":true},{"start":{"line":313,"column":47},"end":{"line":313,"column":53},"skip":true}]},"28":{"line":317,"type":"if","locations":[{"start":{"line":317,"column":12},"end":{"line":317,"column":12},"skip":true},{"start":{"line":317,"column":12},"end":{"line":317,"column":12},"skip":true}]}},"code":["/*","example.js","","quickstart example","","instruction","    1. save this script as example.js","    2. run the shell command:","        $ npm install npmtest-webpack-shell-plugin && PORT=8081 node example.js","    3. play with the browser-demo on http://127.0.0.1:8081","*/","","","","/* istanbul instrument in package npmtest_webpack_shell_plugin */","/*jslint","    bitwise: true,","    browser: true,","    maxerr: 8,","    maxlen: 96,","    node: true,","    nomen: true,","    regexp: true,","    stupid: true","*/","(function () {","    'use strict';","    var local;","","","","    // run shared js-env code - pre-init","    (function () {","        // init local","        local = {};","        // init modeJs","        local.modeJs = (function () {","            try {","                return typeof navigator.userAgent === 'string' &&","                    typeof document.querySelector('body') === 'object' &&","                    typeof XMLHttpRequest.prototype.open === 'function' &&","                    'browser';","            } catch (errorCaughtBrowser) {","                return module.exports &&","                    typeof process.versions.node === 'string' &&","                    typeof require('http').createServer === 'function' &&","                    'node';","            }","        }());","        // init global","        local.global = local.modeJs === 'browser'","            ? window","            : global;","        // init utility2_rollup","        local = local.global.utility2_rollup || (local.modeJs === 'browser'","            ? local.global.utility2_npmtest_webpack_shell_plugin","            : global.utility2_moduleExports);","        // export local","        local.global.local = local;","    }());","    switch (local.modeJs) {","","","","    // post-init","    // run browser js-env code - post-init","    /* istanbul ignore next */","    case 'browser':","        local.testRunBrowser = function (event) {","            if (!event || (event &&","                    event.currentTarget &&","                    event.currentTarget.className &&","                    event.currentTarget.className.includes &&","                    event.currentTarget.className.includes('onreset'))) {","                // reset output","                Array.from(","                    document.querySelectorAll('body > .resettable')","                ).forEach(function (element) {","                    switch (element.tagName) {","                    case 'INPUT':","                    case 'TEXTAREA':","                        element.value = '';","                        break;","                    default:","                        element.textContent = '';","                    }","                });","            }","            switch (event && event.currentTarget && event.currentTarget.id) {","            case 'testRunButton1':","                // show tests","                if (document.querySelector('#testReportDiv1').style.display === 'none') {","                    document.querySelector('#testReportDiv1').style.display = 'block';","                    document.querySelector('#testRunButton1').textContent =","                        'hide internal test';","                    local.modeTest = true;","                    local.testRunDefault(local);","                // hide tests","                } else {","                    document.querySelector('#testReportDiv1').style.display = 'none';","                    document.querySelector('#testRunButton1').textContent = 'run internal test';","                }","                break;","            // custom-case","            default:","                break;","            }","            if (document.querySelector('#inputTextareaEval1') && (!event || (event &&","                    event.currentTarget &&","                    event.currentTarget.className &&","                    event.currentTarget.className.includes &&","                    event.currentTarget.className.includes('oneval')))) {","                // try to eval input-code","                try {","                    /*jslint evil: true*/","                    eval(document.querySelector('#inputTextareaEval1').value);","                } catch (errorCaught) {","                    console.error(errorCaught);","                }","            }","        };","        // log stderr and stdout to #outputTextareaStdout1","        ['error', 'log'].forEach(function (key) {","            console[key + '_original'] = console[key];","            console[key] = function () {","                var element;","                console[key + '_original'].apply(console, arguments);","                element = document.querySelector('#outputTextareaStdout1');","                if (!element) {","                    return;","                }","                // append text to #outputTextareaStdout1","                element.value += Array.from(arguments).map(function (arg) {","                    return typeof arg === 'string'","                        ? arg","                        : JSON.stringify(arg, null, 4);","                }).join(' ') + '\\n';","                // scroll textarea to bottom","                element.scrollTop = element.scrollHeight;","            };","        });","        // init event-handling","        ['change', 'click', 'keyup'].forEach(function (event) {","            Array.from(document.querySelectorAll('.on' + event)).forEach(function (element) {","                element.addEventListener(event, local.testRunBrowser);","            });","        });","        // run tests","        local.testRunBrowser();","        break;","","","","    // run node js-env code - post-init","    /* istanbul ignore next */","    case 'node':","        // export local","        module.exports = local;","        // require modules","        local.fs = require('fs');","        local.http = require('http');","        local.url = require('url');","        // init assets","        local.assetsDict = local.assetsDict || {};","        /* jslint-ignore-begin */","        local.assetsDict['/assets.index.template.html'] = '\\","<!doctype html>\\n\\","<html lang=\"en\">\\n\\","<head>\\n\\","<meta charset=\"UTF-8\">\\n\\","<meta name=\"viewport\" content=\"width=device-width, initial-scale=1\">\\n\\","<title>{{env.npm_package_name}} (v{{env.npm_package_version}})</title>\\n\\","<style>\\n\\","/*csslint\\n\\","    box-sizing: false,\\n\\","    universal-selector: false\\n\\","*/\\n\\","* {\\n\\","    box-sizing: border-box;\\n\\","}\\n\\","body {\\n\\","    background: #dde;\\n\\","    font-family: Arial, Helvetica, sans-serif;\\n\\","    margin: 2rem;\\n\\","}\\n\\","body > * {\\n\\","    margin-bottom: 1rem;\\n\\","}\\n\\",".utility2FooterDiv {\\n\\","    margin-top: 20px;\\n\\","    text-align: center;\\n\\","}\\n\\","</style>\\n\\","<style>\\n\\","/*csslint\\n\\","*/\\n\\","textarea {\\n\\","    font-family: monospace;\\n\\","    height: 10rem;\\n\\","    width: 100%;\\n\\","}\\n\\","textarea[readonly] {\\n\\","    background: #ddd;\\n\\","}\\n\\","</style>\\n\\","</head>\\n\\","<body>\\n\\","<!-- utility2-comment\\n\\","<div id=\"ajaxProgressDiv1\" style=\"background: #d00; height: 2px; left: 0; margin: 0; padding: 0; position: fixed; top: 0; transition: background 0.5s, width 1.5s; width: 25%;\"></div>\\n\\","utility2-comment -->\\n\\","<h1>\\n\\","<!-- utility2-comment\\n\\","    <a\\n\\","        {{#if env.npm_package_homepage}}\\n\\","        href=\"{{env.npm_package_homepage}}\"\\n\\","        {{/if env.npm_package_homepage}}\\n\\","        target=\"_blank\"\\n\\","    >\\n\\","utility2-comment -->\\n\\","        {{env.npm_package_name}} (v{{env.npm_package_version}})\\n\\","<!-- utility2-comment\\n\\","    </a>\\n\\","utility2-comment -->\\n\\","</h1>\\n\\","<h3>{{env.npm_package_description}}</h3>\\n\\","<!-- utility2-comment\\n\\","<h4><a download href=\"assets.app.js\">download standalone app</a></h4>\\n\\","<button class=\"onclick onreset\" id=\"testRunButton1\">run internal test</button><br>\\n\\","<div id=\"testReportDiv1\" style=\"display: none;\"></div>\\n\\","utility2-comment -->\\n\\","\\n\\","\\n\\","\\n\\","<label>stderr and stdout</label>\\n\\","<textarea class=\"resettable\" id=\"outputTextareaStdout1\" readonly></textarea>\\n\\","<!-- utility2-comment\\n\\","{{#if isRollup}}\\n\\","<script src=\"assets.app.js\"></script>\\n\\","{{#unless isRollup}}\\n\\","utility2-comment -->\\n\\","<script src=\"assets.utility2.rollup.js\"></script>\\n\\","<script src=\"jsonp.utility2._stateInit?callback=window.utility2._stateInit\"></script>\\n\\","<script src=\"assets.npmtest_webpack_shell_plugin.rollup.js\"></script>\\n\\","<script src=\"assets.example.js\"></script>\\n\\","<script src=\"assets.test.js\"></script>\\n\\","<!-- utility2-comment\\n\\","{{/if isRollup}}\\n\\","utility2-comment -->\\n\\","<div class=\"utility2FooterDiv\">\\n\\","    [ this app was created with\\n\\","    <a href=\"https://github.com/kaizhu256/node-utility2\" target=\"_blank\">utility2</a>\\n\\","    ]\\n\\","</div>\\n\\","</body>\\n\\","</html>\\n\\","';","        /* jslint-ignore-end */","        if (local.templateRender) {","            local.assetsDict['/'] = local.templateRender(","                local.assetsDict['/assets.index.template.html'],","                {","                    env: local.objectSetDefault(local.env, {","                        npm_package_description: 'the greatest app in the world!',","                        npm_package_name: 'my-app',","                        npm_package_nameAlias: 'my_app',","                        npm_package_version: '0.0.1'","                    })","                }","            );","        } else {","            local.assetsDict['/'] = local.assetsDict['/assets.index.template.html']","                .replace((/\\{\\{env\\.(\\w+?)\\}\\}/g), function (match0, match1) {","                    // jslint-hack","                    String(match0);","                    switch (match1) {","                    case 'npm_package_description':","                        return 'the greatest app in the world!';","                    case 'npm_package_name':","                        return 'my-app';","                    case 'npm_package_nameAlias':","                        return 'my_app';","                    case 'npm_package_version':","                        return '0.0.1';","                    }","                });","        }","        // run the cli","        if (local.global.utility2_rollup || module !== require.main) {","            break;","        }","        local.assetsDict['/assets.example.js'] =","            local.assetsDict['/assets.example.js'] ||","            local.fs.readFileSync(__filename, 'utf8');","        // bug-workaround - long $npm_package_buildCustomOrg","        /* jslint-ignore-begin */","        local.assetsDict['/assets.npmtest_webpack_shell_plugin.rollup.js'] =","            local.assetsDict['/assets.npmtest_webpack_shell_plugin.rollup.js'] ||","            local.fs.readFileSync(","                local.npmtest_webpack_shell_plugin.__dirname + '/lib.npmtest_webpack_shell_plugin.js',","                'utf8'","            ).replace((/^#!/), '//');","        /* jslint-ignore-end */","        local.assetsDict['/favicon.ico'] = local.assetsDict['/favicon.ico'] || '';","        // if $npm_config_timeout_exit exists,","        // then exit this process after $npm_config_timeout_exit ms","        if (Number(process.env.npm_config_timeout_exit)) {","            setTimeout(process.exit, Number(process.env.npm_config_timeout_exit));","        }","        // start server","        if (local.global.utility2_serverHttp1) {","            break;","        }","        process.env.PORT = process.env.PORT || '8081';","        console.error('server starting on port ' + process.env.PORT);","        local.http.createServer(function (request, response) {","            request.urlParsed = local.url.parse(request.url);","            if (local.assetsDict[request.urlParsed.pathname] !== undefined) {","                response.end(local.assetsDict[request.urlParsed.pathname]);","                return;","            }","            response.statusCode = 404;","            response.end();","        }).listen(process.env.PORT);","        break;","    }","}());",""],"l":{"26":2,"28":2,"33":2,"35":2,"37":2,"38":2,"39":2,"44":1,"51":2,"55":2,"59":2,"61":2,"69":1,"70":2,"76":2,"79":2,"82":2,"83":2,"85":1,"89":2,"92":1,"93":1,"94":1,"96":1,"97":1,"100":1,"101":1,"103":1,"106":1,"108":2,"114":1,"116":1,"118":1,"123":1,"124":2,"125":2,"126":3,"127":3,"128":3,"129":3,"130":1,"133":3,"134":3,"139":3,"143":1,"144":3,"145":1,"149":1,"150":1,"158":1,"160":1,"161":1,"162":1,"164":1,"166":1,"258":1,"259":1,"271":1,"274":6,"275":6,"277":1,"279":2,"281":1,"283":2,"288":1,"289":1,"291":1,"296":1,"303":1,"306":1,"307":1,"310":1,"311":1,"313":1,"314":1,"315":1,"316":1,"317":1,"318":1,"319":1,"321":1,"322":1,"324":1}},"/home/travis/build/npmtest/node-npmtest-webpack-shell-plugin/node_modules/webpack-shell-plugin/lib/index.js":{"path":"/home/travis/build/npmtest/node-npmtest-webpack-shell-plugin/node_modules/webpack-shell-plugin/lib/index.js","s":{"1":1,"2":1,"3":0,"4":1,"5":0,"6":1,"7":0,"8":0,"9":0,"10":0,"11":0,"12":0,"13":1,"14":0,"15":0,"16":0,"17":0,"18":0,"19":0,"20":0,"21":0,"22":0,"23":1,"24":0,"25":0,"26":0,"27":0,"28":0,"29":0,"30":0,"31":0,"32":0,"33":0,"34":0,"35":0,"36":0,"37":0,"38":1,"39":0,"40":0,"41":1,"42":0,"43":1,"44":0,"45":1,"46":0,"47":1,"48":0,"49":0,"50":0,"51":1,"52":0,"53":0,"54":1,"55":1,"56":1,"57":7,"58":7,"59":7,"60":7,"61":7,"62":7,"63":1,"64":1,"65":1,"66":1,"67":0,"68":1,"69":1,"70":0,"71":1,"72":1,"73":1,"74":1,"75":1,"76":1,"77":0,"78":0,"79":1,"80":0,"81":0,"82":0,"83":0,"84":0,"85":0,"86":0,"87":0,"88":0,"89":0,"90":0,"91":0,"92":0,"93":0,"94":0,"95":0,"96":0,"97":0,"98":0,"99":0,"100":0,"101":0,"102":0,"103":0,"104":0,"105":0,"106":0,"107":0,"108":0,"109":0,"110":0,"111":0,"112":0,"113":0,"114":0,"115":0,"116":0,"117":0,"118":0,"119":0,"120":0,"121":0,"122":0,"123":0,"124":0,"125":0,"126":0,"127":0,"128":0,"129":1,"130":1},"b":{"1":[0,0],"2":[0,0],"3":[0,0],"4":[0,0,0],"5":[0,0],"6":[0,0],"7":[0,1],"8":[1,1],"9":[0,0],"10":[7,7],"11":[7,0],"12":[1,0],"13":[0,1],"14":[0,0],"15":[0,0],"16":[0,0],"17":[0,0],"18":[0,0],"19":[0,0],"20":[0,0],"21":[0,0],"22":[0,0],"23":[0,0],"24":[0,0],"25":[0,0],"26":[0,0],"27":[0,0],"28":[0,0]},"f":{"1":1,"2":0,"3":0,"4":0,"5":0,"6":0,"7":0,"8":0,"9":0,"10":0,"11":0,"12":0,"13":0,"14":0,"15":0,"16":0,"17":0,"18":1,"19":1,"20":1,"21":0,"22":1,"23":0,"24":0,"25":0,"26":0,"27":0,"28":0,"29":0,"30":0,"31":0,"32":0,"33":0},"fnMap":{"1":{"name":"(anonymous_1)","line":3,"loc":{"start":{"line":3,"column":21},"end":{"line":3,"column":33}}},"2":{"name":"AwaitValue","line":4,"loc":{"start":{"line":4,"column":2},"end":{"line":4,"column":29}}},"3":{"name":"AsyncGenerator","line":8,"loc":{"start":{"line":8,"column":2},"end":{"line":8,"column":31}}},"4":{"name":"send","line":11,"loc":{"start":{"line":11,"column":4},"end":{"line":11,"column":28}}},"5":{"name":"(anonymous_5)","line":12,"loc":{"start":{"line":12,"column":25},"end":{"line":12,"column":52}}},"6":{"name":"resume","line":30,"loc":{"start":{"line":30,"column":4},"end":{"line":30,"column":30}}},"7":{"name":"(anonymous_7)","line":36,"loc":{"start":{"line":36,"column":44},"end":{"line":36,"column":59}}},"8":{"name":"(anonymous_8)","line":38,"loc":{"start":{"line":38,"column":13},"end":{"line":38,"column":28}}},"9":{"name":"settle","line":49,"loc":{"start":{"line":49,"column":4},"end":{"line":49,"column":33}}},"10":{"name":"(anonymous_10)","line":87,"loc":{"start":{"line":87,"column":53},"end":{"line":87,"column":65}}},"11":{"name":"(anonymous_11)","line":92,"loc":{"start":{"line":92,"column":34},"end":{"line":92,"column":49}}},"12":{"name":"(anonymous_12)","line":96,"loc":{"start":{"line":96,"column":35},"end":{"line":96,"column":50}}},"13":{"name":"(anonymous_13)","line":100,"loc":{"start":{"line":100,"column":36},"end":{"line":100,"column":51}}},"14":{"name":"(anonymous_14)","line":105,"loc":{"start":{"line":105,"column":10},"end":{"line":105,"column":24}}},"15":{"name":"(anonymous_15)","line":106,"loc":{"start":{"line":106,"column":13},"end":{"line":106,"column":25}}},"16":{"name":"(anonymous_16)","line":110,"loc":{"start":{"line":110,"column":11},"end":{"line":110,"column":28}}},"17":{"name":"(anonymous_17)","line":116,"loc":{"start":{"line":116,"column":21},"end":{"line":116,"column":54}}},"18":{"name":"(anonymous_18)","line":122,"loc":{"start":{"line":122,"column":18},"end":{"line":122,"column":30}}},"19":{"name":"defineProperties","line":123,"loc":{"start":{"line":123,"column":2},"end":{"line":123,"column":43}}},"20":{"name":"(anonymous_20)","line":133,"loc":{"start":{"line":133,"column":9},"end":{"line":133,"column":57}}},"21":{"name":"(anonymous_21)","line":140,"loc":{"start":{"line":140,"column":14},"end":{"line":140,"column":29}}},"22":{"name":"(anonymous_22)","line":157,"loc":{"start":{"line":157,"column":25},"end":{"line":157,"column":37}}},"23":{"name":"WebpackShellPlugin","line":158,"loc":{"start":{"line":158,"column":2},"end":{"line":158,"column":39}}},"24":{"name":"puts","line":166,"loc":{"start":{"line":166,"column":11},"end":{"line":166,"column":48}}},"25":{"name":"spreadStdoutAndStdErr","line":173,"loc":{"start":{"line":173,"column":11},"end":{"line":173,"column":48}}},"26":{"name":"serializeScript","line":179,"loc":{"start":{"line":179,"column":11},"end":{"line":179,"column":44}}},"27":{"name":"handleScript","line":195,"loc":{"start":{"line":195,"column":11},"end":{"line":195,"column":41}}},"28":{"name":"validateInput","line":209,"loc":{"start":{"line":209,"column":11},"end":{"line":209,"column":43}}},"29":{"name":"mergeOptions","line":223,"loc":{"start":{"line":223,"column":11},"end":{"line":223,"column":52}}},"30":{"name":"apply","line":233,"loc":{"start":{"line":233,"column":11},"end":{"line":233,"column":36}}},"31":{"name":"(anonymous_31)","line":236,"loc":{"start":{"line":236,"column":37},"end":{"line":236,"column":60}}},"32":{"name":"(anonymous_32)","line":252,"loc":{"start":{"line":252,"column":36},"end":{"line":252,"column":69}}},"33":{"name":"(anonymous_33)","line":265,"loc":{"start":{"line":265,"column":30},"end":{"line":265,"column":42}}}},"statementMap":{"1":{"start":{"line":3,"column":0},"end":{"line":114,"column":4}},"2":{"start":{"line":4,"column":2},"end":{"line":6,"column":3}},"3":{"start":{"line":5,"column":4},"end":{"line":5,"column":23}},"4":{"start":{"line":8,"column":2},"end":{"line":84,"column":3}},"5":{"start":{"line":9,"column":4},"end":{"line":9,"column":20}},"6":{"start":{"line":11,"column":4},"end":{"line":28,"column":5}},"7":{"start":{"line":12,"column":6},"end":{"line":27,"column":9}},"8":{"start":{"line":13,"column":8},"end":{"line":19,"column":10}},"9":{"start":{"line":21,"column":8},"end":{"line":26,"column":9}},"10":{"start":{"line":22,"column":10},"end":{"line":22,"column":37}},"11":{"start":{"line":24,"column":10},"end":{"line":24,"column":33}},"12":{"start":{"line":25,"column":10},"end":{"line":25,"column":27}},"13":{"start":{"line":30,"column":4},"end":{"line":47,"column":5}},"14":{"start":{"line":31,"column":6},"end":{"line":46,"column":7}},"15":{"start":{"line":32,"column":8},"end":{"line":32,"column":35}},"16":{"start":{"line":33,"column":8},"end":{"line":33,"column":33}},"17":{"start":{"line":35,"column":8},"end":{"line":43,"column":9}},"18":{"start":{"line":36,"column":10},"end":{"line":40,"column":13}},"19":{"start":{"line":37,"column":12},"end":{"line":37,"column":32}},"20":{"start":{"line":39,"column":12},"end":{"line":39,"column":33}},"21":{"start":{"line":42,"column":10},"end":{"line":42,"column":66}},"22":{"start":{"line":45,"column":8},"end":{"line":45,"column":29}},"23":{"start":{"line":49,"column":4},"end":{"line":77,"column":5}},"24":{"start":{"line":50,"column":6},"end":{"line":68,"column":7}},"25":{"start":{"line":52,"column":10},"end":{"line":55,"column":13}},"26":{"start":{"line":56,"column":10},"end":{"line":56,"column":16}},"27":{"start":{"line":59,"column":10},"end":{"line":59,"column":30}},"28":{"start":{"line":60,"column":10},"end":{"line":60,"column":16}},"29":{"start":{"line":63,"column":10},"end":{"line":66,"column":13}},"30":{"start":{"line":67,"column":10},"end":{"line":67,"column":16}},"31":{"start":{"line":70,"column":6},"end":{"line":70,"column":25}},"32":{"start":{"line":72,"column":6},"end":{"line":76,"column":7}},"33":{"start":{"line":73,"column":8},"end":{"line":73,"column":37}},"34":{"start":{"line":75,"column":8},"end":{"line":75,"column":20}},"35":{"start":{"line":79,"column":4},"end":{"line":79,"column":24}},"36":{"start":{"line":81,"column":4},"end":{"line":83,"column":5}},"37":{"start":{"line":82,"column":6},"end":{"line":82,"column":30}},"38":{"start":{"line":86,"column":2},"end":{"line":90,"column":3}},"39":{"start":{"line":87,"column":4},"end":{"line":89,"column":6}},"40":{"start":{"line":88,"column":6},"end":{"line":88,"column":18}},"41":{"start":{"line":92,"column":2},"end":{"line":94,"column":4}},"42":{"start":{"line":93,"column":4},"end":{"line":93,"column":37}},"43":{"start":{"line":96,"column":2},"end":{"line":98,"column":4}},"44":{"start":{"line":97,"column":4},"end":{"line":97,"column":38}},"45":{"start":{"line":100,"column":2},"end":{"line":102,"column":4}},"46":{"start":{"line":101,"column":4},"end":{"line":101,"column":39}},"47":{"start":{"line":104,"column":2},"end":{"line":113,"column":4}},"48":{"start":{"line":106,"column":6},"end":{"line":108,"column":8}},"49":{"start":{"line":107,"column":8},"end":{"line":107,"column":61}},"50":{"start":{"line":111,"column":6},"end":{"line":111,"column":35}},"51":{"start":{"line":116,"column":0},"end":{"line":120,"column":2}},"52":{"start":{"line":117,"column":2},"end":{"line":119,"column":3}},"53":{"start":{"line":118,"column":4},"end":{"line":118,"column":61}},"54":{"start":{"line":122,"column":0},"end":{"line":138,"column":4}},"55":{"start":{"line":123,"column":2},"end":{"line":131,"column":3}},"56":{"start":{"line":124,"column":4},"end":{"line":130,"column":5}},"57":{"start":{"line":125,"column":6},"end":{"line":125,"column":32}},"58":{"start":{"line":126,"column":6},"end":{"line":126,"column":61}},"59":{"start":{"line":127,"column":6},"end":{"line":127,"column":37}},"60":{"start":{"line":128,"column":6},"end":{"line":128,"column":60}},"61":{"start":{"line":128,"column":33},"end":{"line":128,"column":60}},"62":{"start":{"line":129,"column":6},"end":{"line":129,"column":64}},"63":{"start":{"line":133,"column":2},"end":{"line":137,"column":4}},"64":{"start":{"line":134,"column":4},"end":{"line":134,"column":72}},"65":{"start":{"line":134,"column":20},"end":{"line":134,"column":72}},"66":{"start":{"line":135,"column":4},"end":{"line":135,"column":64}},"67":{"start":{"line":135,"column":21},"end":{"line":135,"column":64}},"68":{"start":{"line":136,"column":4},"end":{"line":136,"column":23}},"69":{"start":{"line":140,"column":0},"end":{"line":142,"column":2}},"70":{"start":{"line":141,"column":2},"end":{"line":141,"column":52}},"71":{"start":{"line":144,"column":0},"end":{"line":144,"column":43}},"72":{"start":{"line":145,"column":0},"end":{"line":145,"column":41}},"73":{"start":{"line":146,"column":0},"end":{"line":146,"column":23}},"74":{"start":{"line":148,"column":0},"end":{"line":155,"column":2}},"75":{"start":{"line":157,"column":0},"end":{"line":276,"column":4}},"76":{"start":{"line":158,"column":2},"end":{"line":162,"column":3}},"77":{"start":{"line":159,"column":4},"end":{"line":159,"column":45}},"78":{"start":{"line":161,"column":4},"end":{"line":161,"column":82}},"79":{"start":{"line":164,"column":2},"end":{"line":274,"column":6}},"80":{"start":{"line":167,"column":6},"end":{"line":169,"column":7}},"81":{"start":{"line":168,"column":8},"end":{"line":168,"column":20}},"82":{"start":{"line":174,"column":6},"end":{"line":174,"column":39}},"83":{"start":{"line":175,"column":6},"end":{"line":175,"column":39}},"84":{"start":{"line":180,"column":6},"end":{"line":187,"column":7}},"85":{"start":{"line":181,"column":8},"end":{"line":184,"column":44}},"86":{"start":{"line":186,"column":8},"end":{"line":186,"column":50}},"87":{"start":{"line":188,"column":6},"end":{"line":189,"column":29}},"88":{"start":{"line":191,"column":6},"end":{"line":191,"column":46}},"89":{"start":{"line":196,"column":6},"end":{"line":205,"column":7}},"90":{"start":{"line":197,"column":8},"end":{"line":197,"column":60}},"91":{"start":{"line":199,"column":8},"end":{"line":201,"column":41}},"92":{"start":{"line":203,"column":8},"end":{"line":203,"column":62}},"93":{"start":{"line":204,"column":8},"end":{"line":204,"column":36}},"94":{"start":{"line":210,"column":6},"end":{"line":212,"column":7}},"95":{"start":{"line":211,"column":8},"end":{"line":211,"column":64}},"96":{"start":{"line":213,"column":6},"end":{"line":215,"column":7}},"97":{"start":{"line":214,"column":8},"end":{"line":214,"column":60}},"98":{"start":{"line":216,"column":6},"end":{"line":218,"column":7}},"99":{"start":{"line":217,"column":8},"end":{"line":217,"column":62}},"100":{"start":{"line":219,"column":6},"end":{"line":219,"column":21}},"101":{"start":{"line":224,"column":6},"end":{"line":228,"column":7}},"102":{"start":{"line":225,"column":8},"end":{"line":227,"column":9}},"103":{"start":{"line":226,"column":10},"end":{"line":226,"column":39}},"104":{"start":{"line":229,"column":6},"end":{"line":229,"column":22}},"105":{"start":{"line":234,"column":6},"end":{"line":234,"column":23}},"106":{"start":{"line":236,"column":6},"end":{"line":250,"column":9}},"107":{"start":{"line":237,"column":8},"end":{"line":240,"column":9}},"108":{"start":{"line":238,"column":10},"end":{"line":238,"column":60}},"109":{"start":{"line":239,"column":10},"end":{"line":239,"column":111}},"110":{"start":{"line":241,"column":8},"end":{"line":249,"column":9}},"111":{"start":{"line":242,"column":10},"end":{"line":242,"column":53}},"112":{"start":{"line":243,"column":10},"end":{"line":245,"column":11}},"113":{"start":{"line":244,"column":12},"end":{"line":244,"column":62}},"114":{"start":{"line":246,"column":10},"end":{"line":248,"column":11}},"115":{"start":{"line":247,"column":12},"end":{"line":247,"column":44}},"116":{"start":{"line":252,"column":6},"end":{"line":263,"column":9}},"117":{"start":{"line":253,"column":8},"end":{"line":261,"column":9}},"118":{"start":{"line":254,"column":10},"end":{"line":254,"column":54}},"119":{"start":{"line":255,"column":10},"end":{"line":257,"column":11}},"120":{"start":{"line":256,"column":12},"end":{"line":256,"column":60}},"121":{"start":{"line":258,"column":10},"end":{"line":260,"column":11}},"122":{"start":{"line":259,"column":12},"end":{"line":259,"column":42}},"123":{"start":{"line":262,"column":8},"end":{"line":262,"column":19}},"124":{"start":{"line":265,"column":6},"end":{"line":272,"column":9}},"125":{"start":{"line":266,"column":8},"end":{"line":271,"column":9}},"126":{"start":{"line":267,"column":10},"end":{"line":267,"column":66}},"127":{"start":{"line":268,"column":10},"end":{"line":270,"column":11}},"128":{"start":{"line":269,"column":12},"end":{"line":269,"column":61}},"129":{"start":{"line":275,"column":2},"end":{"line":275,"column":28}},"130":{"start":{"line":278,"column":0},"end":{"line":278,"column":36}}},"branchMap":{"1":{"line":21,"type":"if","locations":[{"start":{"line":21,"column":8},"end":{"line":21,"column":8}},{"start":{"line":21,"column":8},"end":{"line":21,"column":8}}]},"2":{"line":35,"type":"if","locations":[{"start":{"line":35,"column":8},"end":{"line":35,"column":8}},{"start":{"line":35,"column":8},"end":{"line":35,"column":8}}]},"3":{"line":42,"type":"cond-expr","locations":[{"start":{"line":42,"column":31},"end":{"line":42,"column":39}},{"start":{"line":42,"column":42},"end":{"line":42,"column":50}}]},"4":{"line":50,"type":"switch","locations":[{"start":{"line":51,"column":8},"end":{"line":56,"column":16}},{"start":{"line":58,"column":8},"end":{"line":60,"column":16}},{"start":{"line":62,"column":8},"end":{"line":67,"column":16}}]},"5":{"line":72,"type":"if","locations":[{"start":{"line":72,"column":6},"end":{"line":72,"column":6}},{"start":{"line":72,"column":6},"end":{"line":72,"column":6}}]},"6":{"line":81,"type":"if","locations":[{"start":{"line":81,"column":4},"end":{"line":81,"column":4}},{"start":{"line":81,"column":4},"end":{"line":81,"column":4}}]},"7":{"line":86,"type":"if","locations":[{"start":{"line":86,"column":2},"end":{"line":86,"column":2}},{"start":{"line":86,"column":2},"end":{"line":86,"column":2}}]},"8":{"line":86,"type":"binary-expr","locations":[{"start":{"line":86,"column":6},"end":{"line":86,"column":34}},{"start":{"line":86,"column":38},"end":{"line":86,"column":58}}]},"9":{"line":117,"type":"if","locations":[{"start":{"line":117,"column":2},"end":{"line":117,"column":2}},{"start":{"line":117,"column":2},"end":{"line":117,"column":2}}]},"10":{"line":126,"type":"binary-expr","locations":[{"start":{"line":126,"column":30},"end":{"line":126,"column":51}},{"start":{"line":126,"column":55},"end":{"line":126,"column":60}}]},"11":{"line":128,"type":"if","locations":[{"start":{"line":128,"column":6},"end":{"line":128,"column":6}},{"start":{"line":128,"column":6},"end":{"line":128,"column":6}}]},"12":{"line":134,"type":"if","locations":[{"start":{"line":134,"column":4},"end":{"line":134,"column":4}},{"start":{"line":134,"column":4},"end":{"line":134,"column":4}}]},"13":{"line":135,"type":"if","locations":[{"start":{"line":135,"column":4},"end":{"line":135,"column":4}},{"start":{"line":135,"column":4},"end":{"line":135,"column":4}}]},"14":{"line":141,"type":"cond-expr","locations":[{"start":{"line":141,"column":30},"end":{"line":141,"column":33}},{"start":{"line":141,"column":36},"end":{"line":141,"column":51}}]},"15":{"line":167,"type":"if","locations":[{"start":{"line":167,"column":6},"end":{"line":167,"column":6}},{"start":{"line":167,"column":6},"end":{"line":167,"column":6}}]},"16":{"line":180,"type":"if","locations":[{"start":{"line":180,"column":6},"end":{"line":180,"column":6}},{"start":{"line":180,"column":6},"end":{"line":180,"column":6}}]},"17":{"line":196,"type":"if","locations":[{"start":{"line":196,"column":6},"end":{"line":196,"column":6}},{"start":{"line":196,"column":6},"end":{"line":196,"column":6}}]},"18":{"line":196,"type":"binary-expr","locations":[{"start":{"line":196,"column":10},"end":{"line":196,"column":35}},{"start":{"line":196,"column":39},"end":{"line":196,"column":56}}]},"19":{"line":210,"type":"if","locations":[{"start":{"line":210,"column":6},"end":{"line":210,"column":6}},{"start":{"line":210,"column":6},"end":{"line":210,"column":6}}]},"20":{"line":213,"type":"if","locations":[{"start":{"line":213,"column":6},"end":{"line":213,"column":6}},{"start":{"line":213,"column":6},"end":{"line":213,"column":6}}]},"21":{"line":216,"type":"if","locations":[{"start":{"line":216,"column":6},"end":{"line":216,"column":6}},{"start":{"line":216,"column":6},"end":{"line":216,"column":6}}]},"22":{"line":225,"type":"if","locations":[{"start":{"line":225,"column":8},"end":{"line":225,"column":8}},{"start":{"line":225,"column":8},"end":{"line":225,"column":8}}]},"23":{"line":237,"type":"if","locations":[{"start":{"line":237,"column":8},"end":{"line":237,"column":8}},{"start":{"line":237,"column":8},"end":{"line":237,"column":8}}]},"24":{"line":241,"type":"if","locations":[{"start":{"line":241,"column":8},"end":{"line":241,"column":8}},{"start":{"line":241,"column":8},"end":{"line":241,"column":8}}]},"25":{"line":246,"type":"if","locations":[{"start":{"line":246,"column":10},"end":{"line":246,"column":10}},{"start":{"line":246,"column":10},"end":{"line":246,"column":10}}]},"26":{"line":253,"type":"if","locations":[{"start":{"line":253,"column":8},"end":{"line":253,"column":8}},{"start":{"line":253,"column":8},"end":{"line":253,"column":8}}]},"27":{"line":258,"type":"if","locations":[{"start":{"line":258,"column":10},"end":{"line":258,"column":10}},{"start":{"line":258,"column":10},"end":{"line":258,"column":10}}]},"28":{"line":266,"type":"if","locations":[{"start":{"line":266,"column":8},"end":{"line":266,"column":8}},{"start":{"line":266,"column":8},"end":{"line":266,"column":8}}]}},"code":["'use strict';","","var asyncGenerator = function () {","  function AwaitValue(value) {","    this.value = value;","  }","","  function AsyncGenerator(gen) {","    var front, back;","","    function send(key, arg) {","      return new Promise(function (resolve, reject) {","        var request = {","          key: key,","          arg: arg,","          resolve: resolve,","          reject: reject,","          next: null","        };","","        if (back) {","          back = back.next = request;","        } else {","          front = back = request;","          resume(key, arg);","        }","      });","    }","","    function resume(key, arg) {","      try {","        var result = gen[key](arg);","        var value = result.value;","","        if (value instanceof AwaitValue) {","          Promise.resolve(value.value).then(function (arg) {","            resume(\"next\", arg);","          }, function (arg) {","            resume(\"throw\", arg);","          });","        } else {","          settle(result.done ? \"return\" : \"normal\", result.value);","        }","      } catch (err) {","        settle(\"throw\", err);","      }","    }","","    function settle(type, value) {","      switch (type) {","        case \"return\":","          front.resolve({","            value: value,","            done: true","          });","          break;","","        case \"throw\":","          front.reject(value);","          break;","","        default:","          front.resolve({","            value: value,","            done: false","          });","          break;","      }","","      front = front.next;","","      if (front) {","        resume(front.key, front.arg);","      } else {","        back = null;","      }","    }","","    this._invoke = send;","","    if (typeof gen.return !== \"function\") {","      this.return = undefined;","    }","  }","","  if (typeof Symbol === \"function\" && Symbol.asyncIterator) {","    AsyncGenerator.prototype[Symbol.asyncIterator] = function () {","      return this;","    };","  }","","  AsyncGenerator.prototype.next = function (arg) {","    return this._invoke(\"next\", arg);","  };","","  AsyncGenerator.prototype.throw = function (arg) {","    return this._invoke(\"throw\", arg);","  };","","  AsyncGenerator.prototype.return = function (arg) {","    return this._invoke(\"return\", arg);","  };","","  return {","    wrap: function (fn) {","      return function () {","        return new AsyncGenerator(fn.apply(this, arguments));","      };","    },","    await: function (value) {","      return new AwaitValue(value);","    }","  };","}();","","var classCallCheck = function (instance, Constructor) {","  if (!(instance instanceof Constructor)) {","    throw new TypeError(\"Cannot call a class as a function\");","  }","};","","var createClass = function () {","  function defineProperties(target, props) {","    for (var i = 0; i < props.length; i++) {","      var descriptor = props[i];","      descriptor.enumerable = descriptor.enumerable || false;","      descriptor.configurable = true;","      if (\"value\" in descriptor) descriptor.writable = true;","      Object.defineProperty(target, descriptor.key, descriptor);","    }","  }","","  return function (Constructor, protoProps, staticProps) {","    if (protoProps) defineProperties(Constructor.prototype, protoProps);","    if (staticProps) defineProperties(Constructor, staticProps);","    return Constructor;","  };","}();","","var toArray = function (arr) {","  return Array.isArray(arr) ? arr : Array.from(arr);","};","","var spawn = require('child_process').spawn;","var exec = require('child_process').exec;","var os = require('os');","","var defaultOptions = {","  onBuildStart: [],","  onBuildEnd: [],","  onBuildExit: [],","  dev: true,","  verbose: false,","  safe: false","};","","var WebpackShellPlugin = function () {","  function WebpackShellPlugin(options) {","    classCallCheck(this, WebpackShellPlugin);","","    this.options = this.validateInput(this.mergeOptions(options, defaultOptions));","  }","","  createClass(WebpackShellPlugin, [{","    key: 'puts',","    value: function puts(error, stdout, stderr) {","      if (error) {","        throw error;","      }","    }","  }, {","    key: 'spreadStdoutAndStdErr',","    value: function spreadStdoutAndStdErr(proc) {","      proc.stdout.pipe(process.stdout);","      proc.stderr.pipe(process.stdout);","    }","  }, {","    key: 'serializeScript',","    value: function serializeScript(script) {","      if (typeof script === 'string') {","        var _script$split = script.split(' '),","            _script$split2 = toArray(_script$split),","            _command = _script$split2[0],","            _args = _script$split2.slice(1);","","        return { command: _command, args: _args };","      }","      var command = script.command,","          args = script.args;","","      return { command: command, args: args };","    }","  }, {","    key: 'handleScript',","    value: function handleScript(script) {","      if (os.platform() === 'win32' || this.options.safe) {","        this.spreadStdoutAndStdErr(exec(script, this.puts));","      } else {","        var _serializeScript = this.serializeScript(script),","            command = _serializeScript.command,","            args = _serializeScript.args;","","        var proc = spawn(command, args, { stdio: 'inherit' });","        proc.on('close', this.puts);","      }","    }","  }, {","    key: 'validateInput',","    value: function validateInput(options) {","      if (typeof options.onBuildStart === 'string') {","        options.onBuildStart = options.onBuildStart.split('&&');","      }","      if (typeof options.onBuildEnd === 'string') {","        options.onBuildEnd = options.onBuildEnd.split('&&');","      }","      if (typeof options.onBuildExit === 'string') {","        options.onBuildExit = options.onBuildExit.split('&&');","      }","      return options;","    }","  }, {","    key: 'mergeOptions',","    value: function mergeOptions(options, defaults) {","      for (var key in defaults) {","        if (options.hasOwnProperty(key)) {","          defaults[key] = options[key];","        }","      }","      return defaults;","    }","  }, {","    key: 'apply',","    value: function apply(compiler) {","      var _this = this;","","      compiler.plugin('compilation', function (compilation) {","        if (_this.options.verbose) {","          console.log('Report compilation: ' + compilation);","          console.warn('WebpackShellPlugin [' + new Date() + ']: Verbose is being deprecated, please remove.');","        }","        if (_this.options.onBuildStart.length) {","          console.log('Executing pre-build scripts');","          for (var i = 0; i < _this.options.onBuildStart.length; i++) {","            _this.handleScript(_this.options.onBuildStart[i]);","          }","          if (_this.options.dev) {","            _this.options.onBuildStart = [];","          }","        }","      });","","      compiler.plugin('after-emit', function (compilation, callback) {","        if (_this.options.onBuildEnd.length) {","          console.log('Executing post-build scripts');","          for (var i = 0; i < _this.options.onBuildEnd.length; i++) {","            _this.handleScript(_this.options.onBuildEnd[i]);","          }","          if (_this.options.dev) {","            _this.options.onBuildEnd = [];","          }","        }","        callback();","      });","","      compiler.plugin('done', function () {","        if (_this.options.onBuildExit.length) {","          console.log('Executing additional scripts before exit');","          for (var i = 0; i < _this.options.onBuildExit.length; i++) {","            _this.handleScript(_this.options.onBuildExit[i]);","          }","        }","      });","    }","  }]);","  return WebpackShellPlugin;","}();","","module.exports = WebpackShellPlugin;"],"l":{"3":1,"4":1,"5":0,"8":1,"9":0,"11":1,"12":0,"13":0,"21":0,"22":0,"24":0,"25":0,"30":1,"31":0,"32":0,"33":0,"35":0,"36":0,"37":0,"39":0,"42":0,"45":0,"49":1,"50":0,"52":0,"56":0,"59":0,"60":0,"63":0,"67":0,"70":0,"72":0,"73":0,"75":0,"79":0,"81":0,"82":0,"86":1,"87":0,"88":0,"92":1,"93":0,"96":1,"97":0,"100":1,"101":0,"104":1,"106":0,"107":0,"111":0,"116":1,"117":0,"118":0,"122":1,"123":1,"124":1,"125":7,"126":7,"127":7,"128":7,"129":7,"133":1,"134":1,"135":1,"136":1,"140":1,"141":0,"144":1,"145":1,"146":1,"148":1,"157":1,"158":1,"159":0,"161":0,"164":1,"167":0,"168":0,"174":0,"175":0,"180":0,"181":0,"186":0,"188":0,"191":0,"196":0,"197":0,"199":0,"203":0,"204":0,"210":0,"211":0,"213":0,"214":0,"216":0,"217":0,"219":0,"224":0,"225":0,"226":0,"229":0,"234":0,"236":0,"237":0,"238":0,"239":0,"241":0,"242":0,"243":0,"244":0,"246":0,"247":0,"252":0,"253":0,"254":0,"255":0,"256":0,"258":0,"259":0,"262":0,"265":0,"266":0,"267":0,"268":0,"269":0,"275":1,"278":1}},"/home/travis/build/npmtest/node-npmtest-webpack-shell-plugin/node_modules/webpack-shell-plugin/webpack.config.js":{"path":"/home/travis/build/npmtest/node-npmtest-webpack-shell-plugin/node_modules/webpack-shell-plugin/webpack.config.js","s":{"1":2,"2":2,"3":0,"4":0},"b":{},"f":{},"fnMap":{},"statementMap":{"1":{"start":{"line":1,"column":0},"end":{"line":1,"column":29}},"2":{"start":{"line":2,"column":0},"end":{"line":2,"column":35}},"3":{"start":{"line":4,"column":0},"end":{"line":4,"column":44}},"4":{"start":{"line":6,"column":0},"end":{"line":25,"column":2}}},"branchMap":{},"code":["const path = require('path');","const webpack = require('webpack');","","const WebpackShellPlugin = require('./lib');","","module.exports = {","  watch: true,","  entry: path.resolve(__dirname, 'test/entry.js'),","  output: {","    path: path.resolve(__dirname, 'dist'),","    filename: 'bundle.js'","  },","  /*devServer: {","    contentBase: path.resolve(__dirname, 'test')","  },*/","  module: {","    loaders: [","      { test: /\\.css$/, loader: 'style!css' }","    ]","  },","  plugins: [","    new WebpackShellPlugin({onBuildStart:['node test.js'], onBuildEnd:['echo \"Webpack End\"'], safe: true, verbose: true}),","    new webpack.HotModuleReplacementPlugin()","  ]","};",""],"l":{"1":2,"2":2,"4":0,"6":0}}}